{
  "stats": {
    "suites": 8,
    "tests": 7,
    "passes": 7,
    "pending": 0,
    "failures": 0,
    "start": "2021-07-12T21:02:04.381Z",
    "end": "2021-07-12T21:02:26.418Z",
    "duration": 22037,
    "testsRegistered": 7,
    "passPercent": 100,
    "pendingPercent": 0,
    "other": 0,
    "hasOther": false,
    "skipped": 0,
    "hasSkipped": false
  },
  "results": [
    {
      "uuid": "984de59c-35bc-48cd-9cf1-24c96b9f6c96",
      "title": "",
      "fullFile": "cypress/integration/project.spec.js",
      "file": "cypress/integration/project.spec.js",
      "beforeHooks": [],
      "afterHooks": [],
      "tests": [],
      "suites": [
        {
          "uuid": "96a9feb4-d720-4747-8053-3cdbec4f2daf",
          "title": "Shopping Cart Project",
          "fullFile": "",
          "file": "",
          "beforeHooks": [],
          "afterHooks": [],
          "tests": [],
          "suites": [
            {
              "uuid": "95446ea2-b6e4-451f-81ca-c62b12ab973a",
              "title": "1 - Crie uma listagem de produtos",
              "fullFile": "",
              "file": "",
              "beforeHooks": [],
              "afterHooks": [],
              "tests": [
                {
                  "title": "Listagem de produtos",
                  "fullTitle": "Shopping Cart Project 1 - Crie uma listagem de produtos Listagem de produtos",
                  "timedOut": null,
                  "duration": 7141,
                  "state": "passed",
                  "speed": "slow",
                  "pass": true,
                  "fail": false,
                  "pending": false,
                  "context": null,
                  "code": "cy.get(ITEM_SELECTOR).should('exist').should('have.length', results.length);",
                  "err": {},
                  "uuid": "2d4dc676-1931-4dbe-89ab-9e06f1dad9c6",
                  "parentUUID": "95446ea2-b6e4-451f-81ca-c62b12ab973a",
                  "isHook": false,
                  "skipped": false
                }
              ],
              "suites": [],
              "passes": [
                "2d4dc676-1931-4dbe-89ab-9e06f1dad9c6"
              ],
              "failures": [],
              "pending": [],
              "skipped": [],
              "duration": 7141,
              "root": false,
              "rootEmpty": false,
              "_timeout": 2000
            },
            {
              "uuid": "5f6ac369-40bc-4bad-9194-942903fe23ed",
              "title": "2 - Adicione o produto ao carrinho de compras",
              "fullFile": "",
              "file": "",
              "beforeHooks": [],
              "afterHooks": [],
              "tests": [
                {
                  "title": "Adicione o produto ao carrinho de compras",
                  "fullTitle": "Shopping Cart Project 2 - Adicione o produto ao carrinho de compras Adicione o produto ao carrinho de compras",
                  "timedOut": null,
                  "duration": 1358,
                  "state": "passed",
                  "speed": "slow",
                  "pass": true,
                  "fail": false,
                  "pending": false,
                  "context": null,
                  "code": "cy.wait(1000);\naddToCart(36);\ncountCart(1);\nconsole.log(results[36].id, results[36].title);\ncy.get(CART_ITEMS).children().first().should('have.text', \"SKU: \".concat(results[36].id, \" | NAME: \").concat(results[36].title, \" | PRICE: $\").concat(results[36].price));",
                  "err": {},
                  "uuid": "c714894d-ff44-4e06-afc1-481d5855e81f",
                  "parentUUID": "5f6ac369-40bc-4bad-9194-942903fe23ed",
                  "isHook": false,
                  "skipped": false
                }
              ],
              "suites": [],
              "passes": [
                "c714894d-ff44-4e06-afc1-481d5855e81f"
              ],
              "failures": [],
              "pending": [],
              "skipped": [],
              "duration": 1358,
              "root": false,
              "rootEmpty": false,
              "_timeout": 2000
            },
            {
              "uuid": "12cf00a5-86af-4060-95b1-dfcdb198bf81",
              "title": "3 - Remova o item do carrinho de compras ao clicar nele",
              "fullFile": "",
              "file": "",
              "beforeHooks": [],
              "afterHooks": [],
              "tests": [
                {
                  "title": "Remova o item do carrinho de compras ao clicar nele",
                  "fullTitle": "Shopping Cart Project 3 - Remova o item do carrinho de compras ao clicar nele Remova o item do carrinho de compras ao clicar nele",
                  "timedOut": null,
                  "duration": 830,
                  "state": "passed",
                  "speed": "slow",
                  "pass": true,
                  "fail": false,
                  "pending": false,
                  "context": null,
                  "code": "addToCart(29);\naddToCart(31);\naddToCart(15);\ncy.get(CART_ITEMS).children().eq(1).click();\ncountCart(2);\ncy.get(CART_ITEMS).children().eq(1).click();\ncountCart(1);\ncy.get(CART_ITEMS).children().eq(0).click();\ncountCart(0);",
                  "err": {},
                  "uuid": "dece6640-4731-4f88-962b-6b0151b1438e",
                  "parentUUID": "12cf00a5-86af-4060-95b1-dfcdb198bf81",
                  "isHook": false,
                  "skipped": false
                }
              ],
              "suites": [],
              "passes": [
                "dece6640-4731-4f88-962b-6b0151b1438e"
              ],
              "failures": [],
              "pending": [],
              "skipped": [],
              "duration": 830,
              "root": false,
              "rootEmpty": false,
              "_timeout": 2000
            },
            {
              "uuid": "a00ae36d-4672-490d-bb9c-4c79106cb78f",
              "title": "4 - Carregue o carrinho de compras através do **LocalStorage** ao iniciar a página",
              "fullFile": "",
              "file": "",
              "beforeHooks": [],
              "afterHooks": [],
              "tests": [
                {
                  "title": "Carregue o carrinho de compras através do **LocalStorage** ao iniciar a página",
                  "fullTitle": "Shopping Cart Project 4 - Carregue o carrinho de compras através do **LocalStorage** ao iniciar a página Carregue o carrinho de compras através do **LocalStorage** ao iniciar a página",
                  "timedOut": null,
                  "duration": 2762,
                  "state": "passed",
                  "speed": "slow",
                  "pass": true,
                  "fail": false,
                  "pending": false,
                  "context": null,
                  "code": "var first = 36;\nvar last = 29;\ncy.visit(PROJECT_URL, {\n  onBeforeLoad: function onBeforeLoad(win) {\n    win.fetch = fetchMock;\n  }\n});\ncy.wait(1000);\naddToCart(first);\ncountCart(1);\ncy.get(CART_ITEMS).children().first().should('have.text', \"SKU: \".concat(results[first].id, \" | NAME: \").concat(results[first].title, \" | PRICE: $\").concat(results[first].price));\naddToCart(last);\ncy.wait(1000);\ncy.get(CART_ITEMS).children().last().should('have.text', \"SKU: \".concat(results[last].id, \" | NAME: \").concat(results[last].title, \" | PRICE: $\").concat(results[last].price));\ncy.reload({\n  onBeforeLoad: function onBeforeLoad(win) {\n    win.fetch = fetchMock;\n  }\n});\ncy.get(CART_ITEMS).children().first().should('have.text', \"SKU: \".concat(results[first].id, \" | NAME: \").concat(results[first].title, \" | PRICE: $\").concat(results[first].price));\ncy.get(CART_ITEMS).children().last().should('have.text', \"SKU: \".concat(results[last].id, \" | NAME: \").concat(results[last].title, \" | PRICE: $\").concat(results[last].price));",
                  "err": {},
                  "uuid": "1a0aa9bc-89fa-4f79-a8a9-733ba2fcdc0d",
                  "parentUUID": "a00ae36d-4672-490d-bb9c-4c79106cb78f",
                  "isHook": false,
                  "skipped": false
                }
              ],
              "suites": [],
              "passes": [
                "1a0aa9bc-89fa-4f79-a8a9-733ba2fcdc0d"
              ],
              "failures": [],
              "pending": [],
              "skipped": [],
              "duration": 2762,
              "root": false,
              "rootEmpty": false,
              "_timeout": 2000
            },
            {
              "uuid": "5dd2fbea-ad38-4a27-8db6-3939f67b349f",
              "title": "5 - Some o valor total dos itens do carrinho de compras de forma assíncrona",
              "fullFile": "",
              "file": "",
              "beforeHooks": [],
              "afterHooks": [],
              "tests": [
                {
                  "title": "Some o valor total dos itens do carrinho de compras de forma assíncrona",
                  "fullTitle": "Shopping Cart Project 5 - Some o valor total dos itens do carrinho de compras de forma assíncrona Some o valor total dos itens do carrinho de compras de forma assíncrona",
                  "timedOut": null,
                  "duration": 6120,
                  "state": "passed",
                  "speed": "slow",
                  "pass": true,
                  "fail": false,
                  "pending": false,
                  "context": null,
                  "code": "cy.visit(PROJECT_URL, {\n  onBeforeLoad: function onBeforeLoad(win) {\n    win.fetch = fetchMock;\n  }\n});\naddToCart(5);\ncheckPrice(results, [5]);\naddToCart(42);\ncheckPrice(results, [5, 42]);\naddToCart(36);\ncheckPrice(results, [5, 42, 36]);\naddToCart(15);\ncheckPrice(results, [5, 42, 36, 15]);\ncy.get(CART_ITEMS).children().eq(1).click();\ncheckPrice(results, [5, 36, 15]);",
                  "err": {},
                  "uuid": "92a48e90-e3d3-45f1-ab3e-32991255d096",
                  "parentUUID": "5dd2fbea-ad38-4a27-8db6-3939f67b349f",
                  "isHook": false,
                  "skipped": false
                }
              ],
              "suites": [],
              "passes": [
                "92a48e90-e3d3-45f1-ab3e-32991255d096"
              ],
              "failures": [],
              "pending": [],
              "skipped": [],
              "duration": 6120,
              "root": false,
              "rootEmpty": false,
              "_timeout": 2000
            },
            {
              "uuid": "ca364b52-a24a-4436-b855-3d6ff27e4c86",
              "title": "6 - Crie um botão para limpar carrinho de compras",
              "fullFile": "",
              "file": "",
              "beforeHooks": [],
              "afterHooks": [],
              "tests": [
                {
                  "title": "Botão para limpar carrinho de compras",
                  "fullTitle": "Shopping Cart Project 6 - Crie um botão para limpar carrinho de compras Botão para limpar carrinho de compras",
                  "timedOut": null,
                  "duration": 575,
                  "state": "passed",
                  "speed": "slow",
                  "pass": true,
                  "fail": false,
                  "pending": false,
                  "context": null,
                  "code": "addToCart(3);\naddToCart(0);\naddToCart(1);\ncountCart(3);\ncy.get(EMPTY_CART_BUTTON).click();\ncountCart(0);",
                  "err": {},
                  "uuid": "b70660a5-0c22-40d4-954c-d0b376e16828",
                  "parentUUID": "ca364b52-a24a-4436-b855-3d6ff27e4c86",
                  "isHook": false,
                  "skipped": false
                }
              ],
              "suites": [],
              "passes": [
                "b70660a5-0c22-40d4-954c-d0b376e16828"
              ],
              "failures": [],
              "pending": [],
              "skipped": [],
              "duration": 575,
              "root": false,
              "rootEmpty": false,
              "_timeout": 2000
            },
            {
              "uuid": "e81d2c11-2535-40da-9cf6-1622e7166af6",
              "title": "7 - Adicione um texto de `loading` durante uma requisição à API",
              "fullFile": "",
              "file": "",
              "beforeHooks": [],
              "afterHooks": [],
              "tests": [
                {
                  "title": "Adicionar um texto de \"loading\" durante uma requisição à API",
                  "fullTitle": "Shopping Cart Project 7 - Adicione um texto de `loading` durante uma requisição à API Adicionar um texto de \"loading\" durante uma requisição à API",
                  "timedOut": null,
                  "duration": 3147,
                  "state": "passed",
                  "speed": "slow",
                  "pass": true,
                  "fail": false,
                  "pending": false,
                  "context": null,
                  "code": "cy.visit(PROJECT_URL);\ncy.get(LOADING).should('exist').wait(3000).should('not.exist');",
                  "err": {},
                  "uuid": "9276a3ac-1efb-49a7-9759-36495bb55ad0",
                  "parentUUID": "e81d2c11-2535-40da-9cf6-1622e7166af6",
                  "isHook": false,
                  "skipped": false
                }
              ],
              "suites": [],
              "passes": [
                "9276a3ac-1efb-49a7-9759-36495bb55ad0"
              ],
              "failures": [],
              "pending": [],
              "skipped": [],
              "duration": 3147,
              "root": false,
              "rootEmpty": false,
              "_timeout": 2000
            }
          ],
          "passes": [],
          "failures": [],
          "pending": [],
          "skipped": [],
          "duration": 0,
          "root": false,
          "rootEmpty": false,
          "_timeout": 2000
        }
      ],
      "passes": [],
      "failures": [],
      "pending": [],
      "skipped": [],
      "duration": 0,
      "root": true,
      "rootEmpty": true,
      "_timeout": 2000
    }
  ],
  "meta": {
    "mocha": {
      "version": "7.1.1"
    },
    "mochawesome": {
      "options": {
        "quiet": false,
        "reportFilename": "mochawesome",
        "saveHtml": false,
        "saveJson": true,
        "consoleReporter": "spec",
        "useInlineDiffs": false,
        "code": true
      },
      "version": "5.0.0"
    },
    "marge": {
      "options": {
        "id": "default",
        "reportDir": "cypress/reports",
        "overwrite": true,
        "html": false,
        "json": true
      },
      "version": "4.1.0"
    }
  }
}